Analysis & Synthesis report for fre
Wed Oct 19 14:59:03 2022
Quartus II 64-Bit Version 13.1.0 Build 162 10/23/2013 SJ Full Version


---------------------
; Table of Contents ;
---------------------
  1. Legal Notice
  2. Analysis & Synthesis Summary
  3. Analysis & Synthesis Settings
  4. Parallel Compilation
  5. Analysis & Synthesis Source Files Read
  6. Analysis & Synthesis Resource Usage Summary
  7. Analysis & Synthesis Resource Utilization by Entity
  8. State Machine - |fre|bin2bcd:u2|state
  9. Registers Removed During Synthesis
 10. Removed Registers Triggering Further Register Optimizations
 11. General Register Statistics
 12. Multiplexer Restructuring Statistics (Restructuring Performed)
 13. Parameter Settings for User Entity Instance: FreqCounter:u1
 14. Elapsed Time Per Partition
 15. Analysis & Synthesis Messages



----------------
; Legal Notice ;
----------------
Copyright (C) 1991-2013 Altera Corporation
Your use of Altera Corporation's design tools, logic functions 
and other software and tools, and its AMPP partner logic 
functions, and any output files from any of the foregoing 
(including device programming or simulation files), and any 
associated documentation or information are expressly subject 
to the terms and conditions of the Altera Program License 
Subscription Agreement, Altera MegaCore Function License 
Agreement, or other applicable license agreement, including, 
without limitation, that your use is for the sole purpose of 
programming logic devices manufactured by Altera and sold by 
Altera or its authorized distributors.  Please refer to the 
applicable agreement for further details.



+----------------------------------------------------------------------------------+
; Analysis & Synthesis Summary                                                     ;
+------------------------------------+---------------------------------------------+
; Analysis & Synthesis Status        ; Successful - Wed Oct 19 14:59:03 2022       ;
; Quartus II 64-Bit Version          ; 13.1.0 Build 162 10/23/2013 SJ Full Version ;
; Revision Name                      ; fre                                         ;
; Top-level Entity Name              ; fre                                         ;
; Family                             ; Cyclone IV E                                ;
; Total logic elements               ; 572                                         ;
;     Total combinational functions  ; 447                                         ;
;     Dedicated logic registers      ; 253                                         ;
; Total registers                    ; 253                                         ;
; Total pins                         ; 14                                          ;
; Total virtual pins                 ; 0                                           ;
; Total memory bits                  ; 0                                           ;
; Embedded Multiplier 9-bit elements ; 0                                           ;
; Total PLLs                         ; 0                                           ;
+------------------------------------+---------------------------------------------+


+----------------------------------------------------------------------------------------------------------------------+
; Analysis & Synthesis Settings                                                                                        ;
+----------------------------------------------------------------------------+--------------------+--------------------+
; Option                                                                     ; Setting            ; Default Value      ;
+----------------------------------------------------------------------------+--------------------+--------------------+
; Device                                                                     ; EP4CE6E22C8        ;                    ;
; Top-level entity name                                                      ; fre                ; fre                ;
; Family name                                                                ; Cyclone IV E       ; Cyclone IV GX      ;
; Use smart compilation                                                      ; Off                ; Off                ;
; Enable parallel Assembler and TimeQuest Timing Analyzer during compilation ; On                 ; On                 ;
; Enable compact report table                                                ; Off                ; Off                ;
; Restructure Multiplexers                                                   ; Auto               ; Auto               ;
; Create Debugging Nodes for IP Cores                                        ; Off                ; Off                ;
; Preserve fewer node names                                                  ; On                 ; On                 ;
; Disable OpenCore Plus hardware evaluation                                  ; Off                ; Off                ;
; Verilog Version                                                            ; Verilog_2001       ; Verilog_2001       ;
; VHDL Version                                                               ; VHDL_1993          ; VHDL_1993          ;
; State Machine Processing                                                   ; Auto               ; Auto               ;
; Safe State Machine                                                         ; Off                ; Off                ;
; Extract Verilog State Machines                                             ; On                 ; On                 ;
; Extract VHDL State Machines                                                ; On                 ; On                 ;
; Ignore Verilog initial constructs                                          ; Off                ; Off                ;
; Iteration limit for constant Verilog loops                                 ; 5000               ; 5000               ;
; Iteration limit for non-constant Verilog loops                             ; 250                ; 250                ;
; Add Pass-Through Logic to Inferred RAMs                                    ; On                 ; On                 ;
; Infer RAMs from Raw Logic                                                  ; On                 ; On                 ;
; Parallel Synthesis                                                         ; On                 ; On                 ;
; DSP Block Balancing                                                        ; Auto               ; Auto               ;
; NOT Gate Push-Back                                                         ; On                 ; On                 ;
; Power-Up Don't Care                                                        ; On                 ; On                 ;
; Remove Redundant Logic Cells                                               ; Off                ; Off                ;
; Remove Duplicate Registers                                                 ; On                 ; On                 ;
; Ignore CARRY Buffers                                                       ; Off                ; Off                ;
; Ignore CASCADE Buffers                                                     ; Off                ; Off                ;
; Ignore GLOBAL Buffers                                                      ; Off                ; Off                ;
; Ignore ROW GLOBAL Buffers                                                  ; Off                ; Off                ;
; Ignore LCELL Buffers                                                       ; Off                ; Off                ;
; Ignore SOFT Buffers                                                        ; On                 ; On                 ;
; Limit AHDL Integers to 32 Bits                                             ; Off                ; Off                ;
; Optimization Technique                                                     ; Balanced           ; Balanced           ;
; Carry Chain Length                                                         ; 70                 ; 70                 ;
; Auto Carry Chains                                                          ; On                 ; On                 ;
; Auto Open-Drain Pins                                                       ; On                 ; On                 ;
; Perform WYSIWYG Primitive Resynthesis                                      ; Off                ; Off                ;
; Auto ROM Replacement                                                       ; On                 ; On                 ;
; Auto RAM Replacement                                                       ; On                 ; On                 ;
; Auto DSP Block Replacement                                                 ; On                 ; On                 ;
; Auto Shift Register Replacement                                            ; Auto               ; Auto               ;
; Allow Shift Register Merging across Hierarchies                            ; Auto               ; Auto               ;
; Auto Clock Enable Replacement                                              ; On                 ; On                 ;
; Strict RAM Replacement                                                     ; Off                ; Off                ;
; Allow Synchronous Control Signals                                          ; On                 ; On                 ;
; Force Use of Synchronous Clear Signals                                     ; Off                ; Off                ;
; Auto RAM Block Balancing                                                   ; On                 ; On                 ;
; Auto RAM to Logic Cell Conversion                                          ; Off                ; Off                ;
; Auto Resource Sharing                                                      ; Off                ; Off                ;
; Allow Any RAM Size For Recognition                                         ; Off                ; Off                ;
; Allow Any ROM Size For Recognition                                         ; Off                ; Off                ;
; Allow Any Shift Register Size For Recognition                              ; Off                ; Off                ;
; Use LogicLock Constraints during Resource Balancing                        ; On                 ; On                 ;
; Ignore translate_off and synthesis_off directives                          ; Off                ; Off                ;
; Timing-Driven Synthesis                                                    ; On                 ; On                 ;
; Report Parameter Settings                                                  ; On                 ; On                 ;
; Report Source Assignments                                                  ; On                 ; On                 ;
; Report Connectivity Checks                                                 ; On                 ; On                 ;
; Ignore Maximum Fan-Out Assignments                                         ; Off                ; Off                ;
; Synchronization Register Chain Length                                      ; 2                  ; 2                  ;
; PowerPlay Power Optimization                                               ; Normal compilation ; Normal compilation ;
; HDL message level                                                          ; Level2             ; Level2             ;
; Suppress Register Optimization Related Messages                            ; Off                ; Off                ;
; Number of Removed Registers Reported in Synthesis Report                   ; 5000               ; 5000               ;
; Number of Swept Nodes Reported in Synthesis Report                         ; 5000               ; 5000               ;
; Number of Inverted Registers Reported in Synthesis Report                  ; 100                ; 100                ;
; Clock MUX Protection                                                       ; On                 ; On                 ;
; Auto Gated Clock Conversion                                                ; Off                ; Off                ;
; Block Design Naming                                                        ; Auto               ; Auto               ;
; SDC constraint protection                                                  ; Off                ; Off                ;
; Synthesis Effort                                                           ; Auto               ; Auto               ;
; Shift Register Replacement - Allow Asynchronous Clear Signal               ; On                 ; On                 ;
; Pre-Mapping Resynthesis Optimization                                       ; Off                ; Off                ;
; Analysis & Synthesis Message Level                                         ; Medium             ; Medium             ;
; Disable Register Merging Across Hierarchies                                ; Auto               ; Auto               ;
; Resource Aware Inference For Block RAM                                     ; On                 ; On                 ;
; Synthesis Seed                                                             ; 1                  ; 1                  ;
+----------------------------------------------------------------------------+--------------------+--------------------+


+------------------------------------------+
; Parallel Compilation                     ;
+----------------------------+-------------+
; Processors                 ; Number      ;
+----------------------------+-------------+
; Number detected on machine ; 6           ;
; Maximum allowed            ; 6           ;
;                            ;             ;
; Average used               ; 1.00        ;
; Maximum used               ; 1           ;
;                            ;             ;
; Usage by Processor         ; % Time Used ;
;     Processor 1            ; 100.0%      ;
;     Processors 2-6         ;   0.0%      ;
+----------------------------+-------------+


+--------------------------------------------------------------------------------------------------------------------------+
; Analysis & Synthesis Source Files Read                                                                                   ;
+----------------------------------+-----------------+------------------------+----------------------------------+---------+
; File Name with User-Entered Path ; Used in Netlist ; File Type              ; File Name with Absolute Path     ; Library ;
+----------------------------------+-----------------+------------------------+----------------------------------+---------+
; fre.v                            ; yes             ; User Verilog HDL File  ; E:/altera_fpga/fre/fre.v         ;         ;
; FreqCounter.v                    ; yes             ; User Verilog HDL File  ; E:/altera_fpga/fre/FreqCounter.v ;         ;
; display.v                        ; yes             ; User Verilog HDL File  ; E:/altera_fpga/fre/display.v     ;         ;
; bin2bcd.v                        ; yes             ; User Verilog HDL File  ; E:/altera_fpga/fre/bin2bcd.v     ;         ;
+----------------------------------+-----------------+------------------------+----------------------------------+---------+


+---------------------------------------------------------+
; Analysis & Synthesis Resource Usage Summary             ;
+---------------------------------------------+-----------+
; Resource                                    ; Usage     ;
+---------------------------------------------+-----------+
; Estimated Total logic elements              ; 572       ;
;                                             ;           ;
; Total combinational functions               ; 447       ;
; Logic element usage by number of LUT inputs ;           ;
;     -- 4 input functions                    ; 107       ;
;     -- 3 input functions                    ; 218       ;
;     -- <=2 input functions                  ; 122       ;
;                                             ;           ;
; Logic elements by mode                      ;           ;
;     -- normal mode                          ; 230       ;
;     -- arithmetic mode                      ; 217       ;
;                                             ;           ;
; Total registers                             ; 253       ;
;     -- Dedicated logic registers            ; 253       ;
;     -- I/O registers                        ; 0         ;
;                                             ;           ;
; I/O pins                                    ; 14        ;
; Embedded Multiplier 9-bit elements          ; 0         ;
; Maximum fan-out node                        ; clk~input ;
; Maximum fan-out                             ; 185       ;
; Total fan-out                               ; 2065      ;
; Average fan-out                             ; 2.84      ;
+---------------------------------------------+-----------+


+-----------------------------------------------------------------------------------------------------------------------------------------------------------------------------+
; Analysis & Synthesis Resource Utilization by Entity                                                                                                                         ;
+----------------------------+-------------------+--------------+-------------+--------------+---------+-----------+------+--------------+---------------------+--------------+
; Compilation Hierarchy Node ; LC Combinationals ; LC Registers ; Memory Bits ; DSP Elements ; DSP 9x9 ; DSP 18x18 ; Pins ; Virtual Pins ; Full Hierarchy Name ; Library Name ;
+----------------------------+-------------------+--------------+-------------+--------------+---------+-----------+------+--------------+---------------------+--------------+
; |fre                       ; 447 (0)           ; 253 (0)      ; 0           ; 0            ; 0       ; 0         ; 14   ; 0            ; |fre                ; work         ;
;    |FreqCounter:u1|        ; 294 (294)         ; 171 (171)    ; 0           ; 0            ; 0       ; 0         ; 0    ; 0            ; |fre|FreqCounter:u1 ; work         ;
;    |bin2bcd:u2|            ; 103 (103)         ; 65 (65)      ; 0           ; 0            ; 0       ; 0         ; 0    ; 0            ; |fre|bin2bcd:u2     ; work         ;
;    |display:u3|            ; 50 (50)           ; 17 (17)      ; 0           ; 0            ; 0       ; 0         ; 0    ; 0            ; |fre|display:u3     ; work         ;
+----------------------------+-------------------+--------------+-------------+--------------+---------+-----------+------+--------------+---------------------+--------------+
Note: For table entries with two numbers listed, the numbers in parentheses indicate the number of resources of the given type used by the specific entity alone. The numbers listed outside of parentheses indicate the total resources of the given type used by the specific entity and all of its sub-entities in the hierarchy.


Encoding Type:  One-Hot
+------------------------------------------------------+
; State Machine - |fre|bin2bcd:u2|state                ;
+----------+----------+----------+----------+----------+
; Name     ; state.11 ; state.10 ; state.01 ; state.00 ;
+----------+----------+----------+----------+----------+
; state.00 ; 0        ; 0        ; 0        ; 0        ;
; state.01 ; 0        ; 0        ; 1        ; 1        ;
; state.10 ; 0        ; 1        ; 0        ; 1        ;
; state.11 ; 1        ; 0        ; 0        ; 1        ;
+----------+----------+----------+----------+----------+


+-------------------------------------------------------------------------------------+
; Registers Removed During Synthesis                                                  ;
+-----------------------------------------+-------------------------------------------+
; Register name                           ; Reason for Removal                        ;
+-----------------------------------------+-------------------------------------------+
; FreqCounter:u1|freqHold7[2]             ; Merged with FreqCounter:u1|freqHold15[2]  ;
; FreqCounter:u1|freqHold7[1]             ; Merged with FreqCounter:u1|freqHold15[1]  ;
; FreqCounter:u1|freqHold7[0]             ; Merged with FreqCounter:u1|freqHold15[0]  ;
; FreqCounter:u1|freqHold8[2]             ; Merged with FreqCounter:u1|freqHold0[2]   ;
; FreqCounter:u1|freqHold8[1]             ; Merged with FreqCounter:u1|freqHold0[1]   ;
; FreqCounter:u1|freqHold8[0]             ; Merged with FreqCounter:u1|freqHold0[0]   ;
; FreqCounter:u1|freqHold1[2]             ; Merged with FreqCounter:u1|freqHold9[2]   ;
; FreqCounter:u1|freqHold1[1]             ; Merged with FreqCounter:u1|freqHold9[1]   ;
; FreqCounter:u1|freqHold1[0]             ; Merged with FreqCounter:u1|freqHold9[0]   ;
; FreqCounter:u1|freqHold2[2]             ; Merged with FreqCounter:u1|freqHold10[2]  ;
; FreqCounter:u1|freqHold2[1]             ; Merged with FreqCounter:u1|freqHold10[1]  ;
; FreqCounter:u1|freqHold2[0]             ; Merged with FreqCounter:u1|freqHold10[0]  ;
; FreqCounter:u1|freqHold3[2]             ; Merged with FreqCounter:u1|freqHold11[2]  ;
; FreqCounter:u1|freqHold3[1]             ; Merged with FreqCounter:u1|freqHold11[1]  ;
; FreqCounter:u1|freqHold3[0]             ; Merged with FreqCounter:u1|freqHold11[0]  ;
; FreqCounter:u1|freqHold4[2]             ; Merged with FreqCounter:u1|freqHold12[2]  ;
; FreqCounter:u1|freqHold4[1]             ; Merged with FreqCounter:u1|freqHold12[1]  ;
; FreqCounter:u1|freqHold4[0]             ; Merged with FreqCounter:u1|freqHold12[0]  ;
; FreqCounter:u1|freqHold5[2]             ; Merged with FreqCounter:u1|freqHold13[2]  ;
; FreqCounter:u1|freqHold5[1]             ; Merged with FreqCounter:u1|freqHold13[1]  ;
; FreqCounter:u1|freqHold5[0]             ; Merged with FreqCounter:u1|freqHold13[0]  ;
; FreqCounter:u1|freqHold6[2]             ; Merged with FreqCounter:u1|freqHold14[2]  ;
; FreqCounter:u1|freqHold6[1]             ; Merged with FreqCounter:u1|freqHold14[1]  ;
; FreqCounter:u1|freqHold6[0]             ; Merged with FreqCounter:u1|freqHold14[0]  ;
; FreqCounter:u1|freq_out[1,2]            ; Merged with FreqCounter:u1|freq_out[0]    ;
; FreqCounter:u1|freqHold15[0,1]          ; Merged with FreqCounter:u1|freqHold15[2]  ;
; FreqCounter:u1|freqHold0[0,1]           ; Merged with FreqCounter:u1|freqHold0[2]   ;
; FreqCounter:u1|freqHold9[0,1]           ; Merged with FreqCounter:u1|freqHold9[2]   ;
; FreqCounter:u1|freqHold10[0,1]          ; Merged with FreqCounter:u1|freqHold10[2]  ;
; FreqCounter:u1|freqHold11[0,1]          ; Merged with FreqCounter:u1|freqHold11[2]  ;
; FreqCounter:u1|freqHold12[0,1]          ; Merged with FreqCounter:u1|freqHold12[2]  ;
; FreqCounter:u1|freqHold13[0,1]          ; Merged with FreqCounter:u1|freqHold13[2]  ;
; FreqCounter:u1|freqHold14[0,1]          ; Merged with FreqCounter:u1|freqHold14[2]  ;
; FreqCounter:u1|freqHold5[3]             ; Merged with FreqCounter:u1|freqHold13[3]  ;
; FreqCounter:u1|freqHold4[3]             ; Merged with FreqCounter:u1|freqHold12[3]  ;
; FreqCounter:u1|freqHold5[4]             ; Merged with FreqCounter:u1|freqHold13[4]  ;
; FreqCounter:u1|freqHold4[4]             ; Merged with FreqCounter:u1|freqHold12[4]  ;
; FreqCounter:u1|freqHold5[5]             ; Merged with FreqCounter:u1|freqHold13[5]  ;
; FreqCounter:u1|freqHold4[5]             ; Merged with FreqCounter:u1|freqHold12[5]  ;
; FreqCounter:u1|freqHold5[6]             ; Merged with FreqCounter:u1|freqHold13[6]  ;
; FreqCounter:u1|freqHold4[6]             ; Merged with FreqCounter:u1|freqHold12[6]  ;
; FreqCounter:u1|freqHold5[7]             ; Merged with FreqCounter:u1|freqHold13[7]  ;
; FreqCounter:u1|freqHold4[7]             ; Merged with FreqCounter:u1|freqHold12[7]  ;
; FreqCounter:u1|freqHold5[8]             ; Merged with FreqCounter:u1|freqHold13[8]  ;
; FreqCounter:u1|freqHold4[8]             ; Merged with FreqCounter:u1|freqHold12[8]  ;
; FreqCounter:u1|freqHold5[9]             ; Merged with FreqCounter:u1|freqHold13[9]  ;
; FreqCounter:u1|freqHold4[9]             ; Merged with FreqCounter:u1|freqHold12[9]  ;
; FreqCounter:u1|freqHold5[10]            ; Merged with FreqCounter:u1|freqHold13[10] ;
; FreqCounter:u1|freqHold4[10]            ; Merged with FreqCounter:u1|freqHold12[10] ;
; FreqCounter:u1|freqHold5[11]            ; Merged with FreqCounter:u1|freqHold13[11] ;
; FreqCounter:u1|freqHold4[11]            ; Merged with FreqCounter:u1|freqHold12[11] ;
; FreqCounter:u1|freqHold5[12]            ; Merged with FreqCounter:u1|freqHold13[12] ;
; FreqCounter:u1|freqHold4[12]            ; Merged with FreqCounter:u1|freqHold12[12] ;
; FreqCounter:u1|freqHold5[13]            ; Merged with FreqCounter:u1|freqHold13[13] ;
; FreqCounter:u1|freqHold4[13]            ; Merged with FreqCounter:u1|freqHold12[13] ;
; FreqCounter:u1|freqHold5[14]            ; Merged with FreqCounter:u1|freqHold13[14] ;
; FreqCounter:u1|freqHold4[14]            ; Merged with FreqCounter:u1|freqHold12[14] ;
; FreqCounter:u1|freqHold5[15]            ; Merged with FreqCounter:u1|freqHold13[15] ;
; FreqCounter:u1|freqHold4[15]            ; Merged with FreqCounter:u1|freqHold12[15] ;
; FreqCounter:u1|freqHold3[3]             ; Merged with FreqCounter:u1|freqHold11[3]  ;
; FreqCounter:u1|freqHold2[3]             ; Merged with FreqCounter:u1|freqHold10[3]  ;
; FreqCounter:u1|freqHold3[4]             ; Merged with FreqCounter:u1|freqHold11[4]  ;
; FreqCounter:u1|freqHold2[4]             ; Merged with FreqCounter:u1|freqHold10[4]  ;
; FreqCounter:u1|freqHold3[5]             ; Merged with FreqCounter:u1|freqHold11[5]  ;
; FreqCounter:u1|freqHold2[5]             ; Merged with FreqCounter:u1|freqHold10[5]  ;
; FreqCounter:u1|freqHold3[6]             ; Merged with FreqCounter:u1|freqHold11[6]  ;
; FreqCounter:u1|freqHold2[6]             ; Merged with FreqCounter:u1|freqHold10[6]  ;
; FreqCounter:u1|freqHold3[7]             ; Merged with FreqCounter:u1|freqHold11[7]  ;
; FreqCounter:u1|freqHold2[7]             ; Merged with FreqCounter:u1|freqHold10[7]  ;
; FreqCounter:u1|freqHold3[8]             ; Merged with FreqCounter:u1|freqHold11[8]  ;
; FreqCounter:u1|freqHold2[8]             ; Merged with FreqCounter:u1|freqHold10[8]  ;
; FreqCounter:u1|freqHold3[9]             ; Merged with FreqCounter:u1|freqHold11[9]  ;
; FreqCounter:u1|freqHold2[9]             ; Merged with FreqCounter:u1|freqHold10[9]  ;
; FreqCounter:u1|freqHold3[10]            ; Merged with FreqCounter:u1|freqHold11[10] ;
; FreqCounter:u1|freqHold2[10]            ; Merged with FreqCounter:u1|freqHold10[10] ;
; FreqCounter:u1|freqHold3[11]            ; Merged with FreqCounter:u1|freqHold11[11] ;
; FreqCounter:u1|freqHold2[11]            ; Merged with FreqCounter:u1|freqHold10[11] ;
; FreqCounter:u1|freqHold3[12]            ; Merged with FreqCounter:u1|freqHold11[12] ;
; FreqCounter:u1|freqHold2[12]            ; Merged with FreqCounter:u1|freqHold10[12] ;
; FreqCounter:u1|freqHold3[13]            ; Merged with FreqCounter:u1|freqHold11[13] ;
; FreqCounter:u1|freqHold2[13]            ; Merged with FreqCounter:u1|freqHold10[13] ;
; FreqCounter:u1|freqHold3[14]            ; Merged with FreqCounter:u1|freqHold11[14] ;
; FreqCounter:u1|freqHold2[14]            ; Merged with FreqCounter:u1|freqHold10[14] ;
; FreqCounter:u1|freqHold3[15]            ; Merged with FreqCounter:u1|freqHold11[15] ;
; FreqCounter:u1|freqHold2[15]            ; Merged with FreqCounter:u1|freqHold10[15] ;
; FreqCounter:u1|freqHold9[3]             ; Merged with FreqCounter:u1|freqHold1[3]   ;
; FreqCounter:u1|freqHold8[3]             ; Merged with FreqCounter:u1|freqHold0[3]   ;
; FreqCounter:u1|freqHold9[4]             ; Merged with FreqCounter:u1|freqHold1[4]   ;
; FreqCounter:u1|freqHold8[4]             ; Merged with FreqCounter:u1|freqHold0[4]   ;
; FreqCounter:u1|freqHold9[5]             ; Merged with FreqCounter:u1|freqHold1[5]   ;
; FreqCounter:u1|freqHold8[5]             ; Merged with FreqCounter:u1|freqHold0[5]   ;
; FreqCounter:u1|freqHold9[6]             ; Merged with FreqCounter:u1|freqHold1[6]   ;
; FreqCounter:u1|freqHold8[6]             ; Merged with FreqCounter:u1|freqHold0[6]   ;
; FreqCounter:u1|freqHold9[7]             ; Merged with FreqCounter:u1|freqHold1[7]   ;
; FreqCounter:u1|freqHold8[7]             ; Merged with FreqCounter:u1|freqHold0[7]   ;
; FreqCounter:u1|freqHold9[8]             ; Merged with FreqCounter:u1|freqHold1[8]   ;
; FreqCounter:u1|freqHold8[8]             ; Merged with FreqCounter:u1|freqHold0[8]   ;
; FreqCounter:u1|freqHold9[9]             ; Merged with FreqCounter:u1|freqHold1[9]   ;
; FreqCounter:u1|freqHold8[9]             ; Merged with FreqCounter:u1|freqHold0[9]   ;
; FreqCounter:u1|freqHold9[10]            ; Merged with FreqCounter:u1|freqHold1[10]  ;
; FreqCounter:u1|freqHold8[10]            ; Merged with FreqCounter:u1|freqHold0[10]  ;
; FreqCounter:u1|freqHold9[11]            ; Merged with FreqCounter:u1|freqHold1[11]  ;
; FreqCounter:u1|freqHold8[11]            ; Merged with FreqCounter:u1|freqHold0[11]  ;
; FreqCounter:u1|freqHold9[12]            ; Merged with FreqCounter:u1|freqHold1[12]  ;
; FreqCounter:u1|freqHold8[12]            ; Merged with FreqCounter:u1|freqHold0[12]  ;
; FreqCounter:u1|freqHold9[13]            ; Merged with FreqCounter:u1|freqHold1[13]  ;
; FreqCounter:u1|freqHold8[13]            ; Merged with FreqCounter:u1|freqHold0[13]  ;
; FreqCounter:u1|freqHold9[14]            ; Merged with FreqCounter:u1|freqHold1[14]  ;
; FreqCounter:u1|freqHold8[14]            ; Merged with FreqCounter:u1|freqHold0[14]  ;
; FreqCounter:u1|freqHold9[15]            ; Merged with FreqCounter:u1|freqHold1[15]  ;
; FreqCounter:u1|freqHold8[15]            ; Merged with FreqCounter:u1|freqHold0[15]  ;
; FreqCounter:u1|freqHold6[3]             ; Merged with FreqCounter:u1|freqHold14[3]  ;
; FreqCounter:u1|freqHold6[4]             ; Merged with FreqCounter:u1|freqHold14[4]  ;
; FreqCounter:u1|freqHold6[5]             ; Merged with FreqCounter:u1|freqHold14[5]  ;
; FreqCounter:u1|freqHold6[6]             ; Merged with FreqCounter:u1|freqHold14[6]  ;
; FreqCounter:u1|freqHold6[7]             ; Merged with FreqCounter:u1|freqHold14[7]  ;
; FreqCounter:u1|freqHold6[8]             ; Merged with FreqCounter:u1|freqHold14[8]  ;
; FreqCounter:u1|freqHold6[9]             ; Merged with FreqCounter:u1|freqHold14[9]  ;
; FreqCounter:u1|freqHold6[10]            ; Merged with FreqCounter:u1|freqHold14[10] ;
; FreqCounter:u1|freqHold6[11]            ; Merged with FreqCounter:u1|freqHold14[11] ;
; FreqCounter:u1|freqHold6[12]            ; Merged with FreqCounter:u1|freqHold14[12] ;
; FreqCounter:u1|freqHold6[13]            ; Merged with FreqCounter:u1|freqHold14[13] ;
; FreqCounter:u1|freqHold6[14]            ; Merged with FreqCounter:u1|freqHold14[14] ;
; FreqCounter:u1|freqHold6[15]            ; Merged with FreqCounter:u1|freqHold14[15] ;
; FreqCounter:u1|freqHold7[3]             ; Merged with FreqCounter:u1|freqHold15[3]  ;
; FreqCounter:u1|freqHold7[4]             ; Merged with FreqCounter:u1|freqHold15[4]  ;
; FreqCounter:u1|freqHold7[5]             ; Merged with FreqCounter:u1|freqHold15[5]  ;
; FreqCounter:u1|freqHold7[6]             ; Merged with FreqCounter:u1|freqHold15[6]  ;
; FreqCounter:u1|freqHold7[7]             ; Merged with FreqCounter:u1|freqHold15[7]  ;
; FreqCounter:u1|freqHold7[8]             ; Merged with FreqCounter:u1|freqHold15[8]  ;
; FreqCounter:u1|freqHold7[9]             ; Merged with FreqCounter:u1|freqHold15[9]  ;
; FreqCounter:u1|freqHold7[10]            ; Merged with FreqCounter:u1|freqHold15[10] ;
; FreqCounter:u1|freqHold7[11]            ; Merged with FreqCounter:u1|freqHold15[11] ;
; FreqCounter:u1|freqHold7[12]            ; Merged with FreqCounter:u1|freqHold15[12] ;
; FreqCounter:u1|freqHold7[13]            ; Merged with FreqCounter:u1|freqHold15[13] ;
; FreqCounter:u1|freqHold7[14]            ; Merged with FreqCounter:u1|freqHold15[14] ;
; FreqCounter:u1|freqHold7[15]            ; Merged with FreqCounter:u1|freqHold15[15] ;
; FreqCounter:u1|freq_out[0]              ; Stuck at GND due to stuck port data_in    ;
; FreqCounter:u1|freqHold15[2]            ; Stuck at GND due to stuck port data_in    ;
; FreqCounter:u1|freqHold0[2]             ; Stuck at GND due to stuck port data_in    ;
; FreqCounter:u1|freqHold9[2]             ; Stuck at GND due to stuck port data_in    ;
; FreqCounter:u1|freqHold10[2]            ; Stuck at GND due to stuck port data_in    ;
; FreqCounter:u1|freqHold11[2]            ; Stuck at GND due to stuck port data_in    ;
; FreqCounter:u1|freqHold12[2]            ; Stuck at GND due to stuck port data_in    ;
; FreqCounter:u1|freqHold13[2]            ; Stuck at GND due to stuck port data_in    ;
; FreqCounter:u1|freqHold14[2]            ; Stuck at GND due to stuck port data_in    ;
; FreqCounter:u1|count[22..25]            ; Stuck at GND due to stuck port data_in    ;
; bin2bcd:u2|state~4                      ; Lost fanout                               ;
; bin2bcd:u2|state~5                      ; Lost fanout                               ;
; FreqCounter:u1|freq_count[13..15]       ; Lost fanout                               ;
; display:u3|cnt[13..15]                  ; Lost fanout                               ;
; Total Number of Removed Registers = 167 ;                                           ;
+-----------------------------------------+-------------------------------------------+


+--------------------------------------------------------------------------------------------------------------------------+
; Removed Registers Triggering Further Register Optimizations                                                              ;
+-------------------------------+---------------------------+--------------------------------------------------------------+
; Register name                 ; Reason for Removal        ; Registers Removed due to This Register                       ;
+-------------------------------+---------------------------+--------------------------------------------------------------+
; FreqCounter:u1|freq_count[15] ; Lost Fanouts              ; FreqCounter:u1|freq_count[14], FreqCounter:u1|freq_count[13] ;
; FreqCounter:u1|freq_out[0]    ; Stuck at GND              ; FreqCounter:u1|freqHold9[2]                                  ;
;                               ; due to stuck port data_in ;                                                              ;
+-------------------------------+---------------------------+--------------------------------------------------------------+


+------------------------------------------------------+
; General Register Statistics                          ;
+----------------------------------------------+-------+
; Statistic                                    ; Value ;
+----------------------------------------------+-------+
; Total registers                              ; 253   ;
; Number of registers using Synchronous Clear  ; 13    ;
; Number of registers using Synchronous Load   ; 0     ;
; Number of registers using Asynchronous Clear ; 68    ;
; Number of registers using Asynchronous Load  ; 0     ;
; Number of registers using Clock Enable       ; 153   ;
; Number of registers using Preset             ; 0     ;
+----------------------------------------------+-------+


+--------------------------------------------------------------------------------------------------------------------------------------------------+
; Multiplexer Restructuring Statistics (Restructuring Performed)                                                                                   ;
+--------------------+-----------+---------------+----------------------+------------------------+------------+------------------------------------+
; Multiplexer Inputs ; Bus Width ; Baseline Area ; Area if Restructured ; Saving if Restructured ; Registered ; Example Multiplexer Output         ;
+--------------------+-----------+---------------+----------------------+------------------------+------------+------------------------------------+
; 3:1                ; 3 bits    ; 6 LEs         ; 3 LEs                ; 3 LEs                  ; Yes        ; |fre|FreqCounter:u1|freq_count[13] ;
; 3:1                ; 14 bits   ; 28 LEs        ; 14 LEs               ; 14 LEs                 ; Yes        ; |fre|bin2bcd:u2|regdata[3]         ;
; 5:1                ; 4 bits    ; 12 LEs        ; 8 LEs                ; 4 LEs                  ; Yes        ; |fre|bin2bcd:u2|w5[2]              ;
; 5:1                ; 4 bits    ; 12 LEs        ; 8 LEs                ; 4 LEs                  ; Yes        ; |fre|bin2bcd:u2|w4[2]              ;
; 5:1                ; 4 bits    ; 12 LEs        ; 8 LEs                ; 4 LEs                  ; Yes        ; |fre|bin2bcd:u2|w3[3]              ;
; 5:1                ; 4 bits    ; 12 LEs        ; 8 LEs                ; 4 LEs                  ; Yes        ; |fre|bin2bcd:u2|w2[3]              ;
; 5:1                ; 4 bits    ; 12 LEs        ; 8 LEs                ; 4 LEs                  ; Yes        ; |fre|bin2bcd:u2|w1[3]              ;
; 9:1                ; 4 bits    ; 24 LEs        ; 16 LEs               ; 8 LEs                  ; No         ; |fre|display:u3|segdata[2]         ;
+--------------------+-----------+---------------+----------------------+------------------------+------------+------------------------------------+


+-------------------------------------------------------------+
; Parameter Settings for User Entity Instance: FreqCounter:u1 ;
+----------------+----------+---------------------------------+
; Parameter Name ; Value    ; Type                            ;
+----------------+----------+---------------------------------+
; countTo        ; 55000000 ; Signed Integer                  ;
+----------------+----------+---------------------------------+
Note: In order to hide this table in the UI and the text report file, please set the "Show Parameter Settings in Synthesis Report" option in "Analysis and Synthesis Settings -> More Settings" to "Off".


+-------------------------------+
; Elapsed Time Per Partition    ;
+----------------+--------------+
; Partition Name ; Elapsed Time ;
+----------------+--------------+
; Top            ; 00:00:00     ;
+----------------+--------------+


+-------------------------------+
; Analysis & Synthesis Messages ;
+-------------------------------+
Info: *******************************************************************
Info: Running Quartus II 64-Bit Analysis & Synthesis
    Info: Version 13.1.0 Build 162 10/23/2013 SJ Full Version
    Info: Processing started: Wed Oct 19 14:59:01 2022
Info: Command: quartus_map --read_settings_files=on --write_settings_files=off fre -c fre
Info (20030): Parallel compilation is enabled and will use 6 of the 6 processors detected
Info (12021): Found 1 design units, including 1 entities, in source file fre.v
    Info (12023): Found entity 1: fre
Info (12021): Found 1 design units, including 1 entities, in source file freqcounter.v
    Info (12023): Found entity 1: FreqCounter
Critical Warning (10191): Verilog HDL Compiler Directive warning at display.v(64): text macro "hff" is undefined
Info (12021): Found 1 design units, including 1 entities, in source file display.v
    Info (12023): Found entity 1: display
Info (12021): Found 1 design units, including 1 entities, in source file bin2bcd.v
    Info (12023): Found entity 1: bin2bcd
Info (12127): Elaborating entity "fre" for the top level hierarchy
Info (12128): Elaborating entity "FreqCounter" for hierarchy "FreqCounter:u1"
Warning (10230): Verilog HDL assignment warning at FreqCounter.v(101): truncated value with size 32 to match size of target (26)
Warning (10230): Verilog HDL assignment warning at FreqCounter.v(115): truncated value with size 32 to match size of target (16)
Warning (10230): Verilog HDL assignment warning at FreqCounter.v(125): truncated value with size 32 to match size of target (3)
Warning (10230): Verilog HDL assignment warning at FreqCounter.v(163): truncated value with size 19 to match size of target (16)
Info (12128): Elaborating entity "bin2bcd" for hierarchy "bin2bcd:u2"
Warning (10036): Verilog HDL or VHDL warning at bin2bcd.v(6): object "regdata1" assigned a value but never read
Warning (10230): Verilog HDL assignment warning at bin2bcd.v(42): truncated value with size 32 to match size of target (5)
Warning (10230): Verilog HDL assignment warning at bin2bcd.v(61): truncated value with size 32 to match size of target (4)
Warning (10230): Verilog HDL assignment warning at bin2bcd.v(65): truncated value with size 32 to match size of target (4)
Warning (10230): Verilog HDL assignment warning at bin2bcd.v(69): truncated value with size 32 to match size of target (4)
Warning (10230): Verilog HDL assignment warning at bin2bcd.v(73): truncated value with size 32 to match size of target (4)
Warning (10230): Verilog HDL assignment warning at bin2bcd.v(77): truncated value with size 32 to match size of target (4)
Info (12128): Elaborating entity "display" for hierarchy "display:u3"
Warning (10230): Verilog HDL assignment warning at display.v(24): truncated value with size 32 to match size of target (16)
Warning (10230): Verilog HDL assignment warning at display.v(37): truncated value with size 32 to match size of target (3)
Info (286030): Timing-Driven Synthesis is running
Info (17049): 8 registers lost all their fanouts during netlist optimizations.
Info (16010): Generating hard_block partition "hard_block:auto_generated_inst"
    Info (16011): Adding 0 node(s), including 0 DDIO, 0 PLL, 0 transceiver and 0 LCELL
Info (21057): Implemented 599 device resources after synthesis - the final resource count might be different
    Info (21058): Implemented 3 input pins
    Info (21059): Implemented 11 output pins
    Info (21061): Implemented 585 logic cells
Info: Quartus II 64-Bit Analysis & Synthesis was successful. 0 errors, 14 warnings
    Info: Peak virtual memory: 4646 megabytes
    Info: Processing ended: Wed Oct 19 14:59:03 2022
    Info: Elapsed time: 00:00:02
    Info: Total CPU time (on all processors): 00:00:02


